<?xml version="1.0" encoding="UTF-8"?>
<!-- Generated by org.testng.reporters.JUnitReportReporter -->
<testsuite hostname="DESKTOP-8MB2M8K" failures="0" tests="6" name="Tests.AddingTodayDealsWithCategories" time="80.694" errors="0" timestamp="2024-09-27T20:17:22 EEST" skipped="0">
  <testcase classname="Tests.AddingTodayDealsWithCategories" name="testSelectCategories" time="8.677"/>
  <testcase classname="Tests.AddingTodayDealsWithCategories" name="testSelectFourthPage" time="8.373"/>
  <testcase classname="Tests.AddingTodayDealsWithCategories" name="testSelectProduct" time="22.443"/>
  <testcase classname="Tests.AddingTodayDealsWithCategories" name="testOpenTodayDeals" time="10.727"/>
  <testcase classname="Tests.AddingTodayDealsWithCategories" name="testAddItemToCart" time="21.656"/>
  <testcase classname="Tests.AddingTodayDealsWithCategories" name="testCheckItemAddedToCart" time="8.818"/>
</testsuite> <!-- Tests.AddingTodayDealsWithCategories -->
